This is pdfTeX, Version 3.1415926-2.5-1.40.14 (TeX Live 2013) (format=latex 2015.12.9)  11 DEC 2015 10:23
entering extended mode
 restricted \write18 enabled.
 %&-line parsing enabled.
**sectsty.ins
(./sectsty.ins
LaTeX2e <2011/06/27>
Babel <v3.8m> and hyphenation patterns for english, dumylang, nohyphenation, lo
aded.
File: sectsty.ins 
(/usr/share/texlive/texmf-dist/tex/latex/base/docstrip.tex
\blockLevel=\count79
\emptyLines=\count80
\processedLines=\count81
\commentsRemoved=\count82
\commentsPassed=\count83
\codeLinesPassed=\count84
\TotalprocessedLines=\count85
\TotalcommentsRemoved=\count86
\TotalcommentsPassed=\count87
\TotalcodeLinesPassed=\count88
\NumberOfFiles=\count89
\inFile=\read1
\inputcheck=\read2
\off@0=\count90
\off@1=\count91
\off@2=\count92
\off@3=\count93
\off@4=\count94
\off@5=\count95
\off@6=\count96
\off@7=\count97
\off@8=\count98
\off@9=\count99
\off@10=\count100
\off@11=\count101
\off@12=\count102
\off@13=\count103
\off@14=\count104
\off@15=\count105
\@maxfiles=\count106
\@maxoutfiles=\count107

Utility: `docstrip' 2.5d <2005/07/29>
English documentation    <1999/03/31>

**********************************************************
* This program converts documented macro-files into fast *
* loadable files by stripping off (nearly) all comments! *
**********************************************************

********************************************************
* No Configuration file found, using default settings. *
********************************************************

(./sectsty.ins
File: sectsty.ins 


Generating file(s) ./sectsty.sty 
\openout0 = `./sectsty.sty'.


Processing file sectsty.dtx (package) -> sectsty.sty
File sectsty.dtx ended by \endinput.
Lines  processed: 2233
Comments removed: 1640
Comments  passed: 34
Codelines passed: 556



Finished stripping the comments from sectsty.dtx.

To finish the installation, put sectsty.sty in a sensible place
on your system's TeX search path.

To produce the documentation, run LaTeX on sectsty.dtx.

You might like to keep sectsty.ins and sectsty.dtx somewhere safe 
as a backup, or in case you want to pass the sectsty package on
to someone.

Don't forget to delete:
sectsty.dvi, sectsty.aux, sectsty.toc, and sectsty.log.


) ) ) 
Here is how much of TeX's memory you used:
 315 strings out of 495064
 3181 string characters out of 3182224
 52759 words of memory out of 3000000
 3590 multiletter control sequences out of 15000+200000
 3640 words of font info for 14 fonts, out of 3000000 for 9000
 14 hyphenation exceptions out of 8191
 16i,0n,18p,192b,122s stack positions out of 5000i,500n,10000p,200000b,50000s

No pages of output.
